<?xml version="1.0" encoding="UTF-8"?>
<!-- Generated by org.testng.reporters.JUnitReportReporter -->
<testsuite hostname="DESKTOP-CO55JTD" failures="0" tests="2" name="api.test.UserTests" time="9.638" errors="0" timestamp="2023-05-17T15:41:57 IST" skipped="0">
  <testcase classname="api.test.UserTests" name="testPostUser" time="8.210"/>
  <system-out/>
  <testcase classname="api.test.UserTests" name="testGetUserByName" time="1.428"/>
  <system-out/>
</testsuite> <!-- api.test.UserTests -->
