<?xml version="1.0" encoding="UTF-8"?>
<!-- Generated by org.testng.reporters.JUnitReportReporter -->
<testsuite hostname="DESKTOP-CO55JTD" failures="0" tests="2" name="api.test.UserTests" time="34.144" errors="0" timestamp="2023-05-17T21:04:36 IST" skipped="0">
  <testcase classname="api.test.UserTests" name="testPostUser" time="30.810"/>
  <system-out/>
  <testcase classname="api.test.UserTests" name="testGetUserByName" time="3.334"/>
  <system-out/>
</testsuite> <!-- api.test.UserTests -->
